<?xml version="1.0" encoding="UTF-8"?>
<!-- Generated by org.testng.reporters.JUnitReportReporter -->
<testsuite skipped="0" hostname="DESKTOP-E8KE60Q" name="A" tests="1" failures="0" timestamp="2022-04-16T08:01:20 BST" time="109.412" errors="0">
  <testcase name="LoginTest3" time="109.412" classname="A"/>
  <system-out/>
</testsuite> <!-- A -->
